<?xml version="1.0" encoding="UTF-8"?>
<!-- Generated by org.testng.reporters.JUnitReportReporter -->
<testsuite hostname="LAPTOP-QOQFPRFC" failures="0" tests="1" name="appium.mobileframework.Tests" time="22.209" errors="0" timestamp="2020-12-23T22:59:58 GMT" skipped="0">
  <testcase classname="appium.mobileframework.Tests" name="wifiSettings" time="22.209"/>
  <system-out/>
</testsuite> <!-- appium.mobileframework.Tests -->
